1                                     ***************************************************
                                      *              U.S. GEOLOGICAL SURVEY             *
                                      *DISTRIBUTED ROUTING RAINFALL-RUNOFF-QUALITY MODEL*
                                      *             PRIME VERSION  5/30/84              *
                                      ***************************************************
0DISCHARGE STATION     22222222
 DAILY PRECIP. STATION 06714310
 DRAINAGE AREA=  0.20 SQ. MI.
 UNIT DATA ARE IN    5.000 MINUTE INCREMENTS
 THE PERIOD OF RECORD IS FROM  6- 1-71 (DAY=  25719) TO  6-16-72 (DAY=  26100)
0JRECDS =    13
 IUDATA = 0
 IMODE = 3
 JPUN =  5
0THE FOLLOWING WATER-QUALITY CONSTITUENTS ARE SIMULATED: S SLDS IN MILLIGRAMS/LITER
1 ***** HEADER RECORDS FROM RUNOFF FILE *****
0STREAMFLOW STATION NUMBER -04232050
  STATION NAME - ALLENS CREEK AT BRIGHTON NY         DISCHARGE
  NO. OF RECORDS IN FILE =    809
  NO. OF STORM EVENTS =  13
  NUMBER OF SEGMENTS =  26
  DT IN SECONDS =  900
  BEGINNING DATE OF SIMULATION =   6/ 1/80
  ENDING DATE OF SIMULATION =  9/30/81

  SEGMENT ID
     OF01
     OF02
     OF03
     OF5A
     OF5B
     OF6A
     OF6B
     OF07
     OF08
     OF09
     OFIM
     CH03
     CH5B
     CH09
     CH10
     CH11
     CH12
     CH2B
     CH5A
     CH08
     CH2A
     CH07
     CH6B
     CH6A
     CH04
     CH01
1

  STORM NUMBER      DATE     STARTING RECORD NUMBER    NUMBER OF VALUES

        1         8/ 5/80               4                    132

        2         8/30/80              56                    156

        3         9/ 1/80             108                    173

        4         9/14/80             160                    180

        5        10/25/80             212                    173

        6         5/10/81             264                    201

        7         5/15/81             316                    337

        8         6/21/81             394                    345

        9         7/ 2/81             472                    134

       10         7/20/81             524                    221

       11         7/28/81             576                    331

       12         8/ 4/81             654                    388

       13         8/10/81             758                    229
0JRECDS SHOULD EQUAL OR EXCEED   809
ERVIOUS AREA PARAMETERS
0CONSTITUENT     AKA     AKB
   S SLDS       0.00    1.00
1                                                       LENGTH
 SEGMENT UPSTREAM SEGMENTS   ADJACENT SEGMENTS TYPE IPR (FEET)        OTHER PARAMETERS         LAND USE
  FP02                                           2   0  2323.0   0.000   0.600   0.000   0.000
  IP01                                           2   0  2323.0   0.000   0.300   0.000   0.000
  PP01                                           2   0  2323.0   0.000   0.000   0.000   0.000
  CH01                      FP02 IP01 PP01       1   1  1200.0   5.000   1.300   4.000   0.600ONE
  DE01    CH01                                   3   1     0.0   0.000   0.000   0.000   0.000

0EFFECTIVE IMPERVIOUS AREA BASED ON SEGMENT DATA IS   57.60 ACRES
1RESERVOIR DE01
0         NLAYER = 1
          JFLOW = 1
          DEAD =   0.00  ACRE-FT
          N =  5
          NS =  5
          SG = 2.65
          VISCOS = 0.0114
          PERMANENT POOL CAPACITY =   0.00 ACRE-FT


                                          ***** BASIN GEOMETRY *****


               STAGE          AREA       AVERAGE DEPTH     DISCHARGE       CAPACITY

                (FT)         (ACRES)          (FT)          (CFS)         (ACRE-FT)

              0.0000        0.00000           0.00           0.00         0.00000

              3.0000        0.20000           1.50          10.00         0.30000

              5.0000        0.40000           2.94          20.00         0.90000

              7.0000        0.60000           4.24          30.00         1.90000

              9.0000        0.75000           5.60          50.00         3.25000



     ***** PARTICLE SIZE DISTRIBUTION OF INFLOW *****


               SIZE (MICRONS)      0.0    31.0   125.0   500.0  1000.0

               % FINER(S SLDS)     0.0    30.0    60.0    80.0   100.0


0MODEL PARAMETERS FOR S SLDS ON AREAS OF LAND USE ONE         :  K1=  15.000
                                                                 K2=   0.200
                                                                 K3=   4.600
                                                           DAILY K3=   4.600
1
0STORM-RUNOFF EVENT NUMBER   1  DATED  7/25/71
                                                     SEGMENT CH01
                                                     DATA FOR S SLDS

       TIME     CONC.        TIME     CONC.        TIME     CONC.        TIME     CONC.        TIME     CONC.
       (HRS)    (MG/L)       (HRS)    (MG/L)       (HRS)    (MG/L)       (HRS)    (MG/L)       (HRS)    (MG/L)
      18:15.   205.927      18:20.   181.408      18:25.   146.477      18:30.   100.262      18:35.    71.387
      18:40.    59.582      18:45.    52.310      18:50.    50.806      18:55.    52.850      19: 0.    57.367
      19: 5.    63.821      19:10.    71.929      19:15.    80.519      19:20.    91.371      19:25.   103.581
      19:30.   117.107      19:35.   131.923      19:40.   148.006      19:45.   165.337      19:50.   183.896
      19:55.   203.663      20: 0.   224.616      20: 5.   245.037      20:10.   268.181      20:15.   292.427
      20:20.   317.740      20:25.   344.084      20:30.   371.415      20:35.   399.688      20:40.   428.854
      20:45.   458.861      20:50.   489.652      20:55.   521.168      21: 0.   550.559
1
0STORM-RUNOFF EVENT NUMBER   1  DATED  7/25/71
                                                     AT WATERSHED OUTLET
                                                     DATA FOR S SLDS

       TIME     CONC.        TIME     CONC.        TIME     CONC.        TIME     CONC.        TIME     CONC.
       (HRS)    (MG/L)       (HRS)    (MG/L)       (HRS)    (MG/L)       (HRS)    (MG/L)       (HRS)    (MG/L)
      18:15.     0.020      18:20.     0.490      18:25.     3.517      18:30.     8.090      18:35.    11.837
      18:40.    14.588      18:45.    15.433      18:50.    15.211      18:55.    14.631      19: 0.    13.277
      19: 5.    11.814      19:10.    10.370      19:15.     8.909      19:20.     7.519      19:25.     6.272
      19:30.     5.198      19:35.     4.293      19:40.     3.491      19:45.     2.827      19:50.     2.292
      19:55.     1.848      20: 0.     1.476      20: 5.     1.177      20:10.     0.939      20:15.     0.743
      20:20.     0.600      20:25.     0.483      20:30.     0.394      20:35.     0.323      20:40.     0.265
      20:45.     0.218      20:50.     0.179      20:55.     0.150      21: 0.     0.127
1


0DATA FOR S SLDS

                       SIMULATED       MEASURED       CONTRIBUTION
  STORM               RUNOFF LOAD     RUNOFF LOAD     TO OBJECTIVE
  NUMBER      DATE      (POUNDS)        (POUNDS)         FCT. 1
     1       7/25/71      66.679
     2       6/ 4/72      19.248
